

Started GET "/results" for ::1 at 2015-11-23 17:35:22 -0800
  [1m[36mActiveRecord::SchemaMigration Load (1.2ms)[0m  [1mSELECT "schema_migrations".* FROM "schema_migrations"[0m
Processing by MainController#results as HTML
  [1m[35mUser Load (0.5ms)[0m  SELECT  "users".* FROM "users" WHERE "users"."id" = $1 LIMIT 1  [["id", 1]]
Completed 500 Internal Server Error in 46ms (ActiveRecord: 4.7ms)

NoMethodError (undefined method `[]' for nil:NilClass):
  app/controllers/main_controller.rb:10:in `results'


  Rendered /Users/brittanybrassell/.rbenv/versions/2.2.2/lib/ruby/gems/2.2.0/gems/actionpack-4.2.4/lib/action_dispatch/middleware/templates/rescues/_source.erb (4.3ms)
  Rendered /Users/brittanybrassell/.rbenv/versions/2.2.2/lib/ruby/gems/2.2.0/gems/actionpack-4.2.4/lib/action_dispatch/middleware/templates/rescues/_trace.html.erb (2.3ms)
  Rendered /Users/brittanybrassell/.rbenv/versions/2.2.2/lib/ruby/gems/2.2.0/gems/actionpack-4.2.4/lib/action_dispatch/middleware/templates/rescues/_request_and_response.html.erb (1.0ms)
  Rendered /Users/brittanybrassell/.rbenv/versions/2.2.2/lib/ruby/gems/2.2.0/gems/actionpack-4.2.4/lib/action_dispatch/middleware/templates/rescues/diagnostics.html.erb within rescues/layout (85.1ms)
  Rendered /Users/brittanybrassell/.rbenv/versions/2.2.2/lib/ruby/gems/2.2.0/gems/web-console-2.2.1/lib/web_console/templates/_markup.html.erb (1.5ms)
  Rendered /Users/brittanybrassell/.rbenv/versions/2.2.2/lib/ruby/gems/2.2.0/gems/web-console-2.2.1/lib/web_console/templates/_inner_console_markup.html.erb within layouts/inlined_string (0.4ms)
  Rendered /Users/brittanybrassell/.rbenv/versions/2.2.2/lib/ruby/gems/2.2.0/gems/web-console-2.2.1/lib/web_console/templates/_prompt_box_markup.html.erb within layouts/inlined_string (0.4ms)
  Rendered /Users/brittanybrassell/.rbenv/versions/2.2.2/lib/ruby/gems/2.2.0/gems/web-console-2.2.1/lib/web_console/templates/style.css.erb within layouts/inlined_string (0.3ms)
  Rendered /Users/brittanybrassell/.rbenv/versions/2.2.2/lib/ruby/gems/2.2.0/gems/web-console-2.2.1/lib/web_console/templates/console.js.erb within layouts/javascript (60.9ms)
  Rendered /Users/brittanybrassell/.rbenv/versions/2.2.2/lib/ruby/gems/2.2.0/gems/web-console-2.2.1/lib/web_console/templates/main.js.erb within layouts/javascript (0.3ms)
  Rendered /Users/brittanybrassell/.rbenv/versions/2.2.2/lib/ruby/gems/2.2.0/gems/web-console-2.2.1/lib/web_console/templates/error_page.js.erb within layouts/javascript (0.4ms)
  Rendered /Users/brittanybrassell/.rbenv/versions/2.2.2/lib/ruby/gems/2.2.0/gems/web-console-2.2.1/lib/web_console/templates/index.html.erb (135.3ms)


Started GET "/" for ::1 at 2015-11-23 17:35:26 -0800
Processing by MainController#index as HTML
  [1m[36mUser Load (2.2ms)[0m  [1mSELECT  "users".* FROM "users" WHERE "users"."id" = $1 LIMIT 1[0m  [["id", 1]]
  Rendered main/index.html.erb within layouts/application (11.5ms)
  Rendered partials/_flash.html.erb (0.7ms)
  Rendered sessions/_form.html.erb (17.2ms)
  Rendered users/_signupform.html.erb (5.0ms)
Completed 200 OK in 1888ms (Views: 1883.8ms | ActiveRecord: 2.2ms)


Started GET "/..." for ::1 at 2015-11-23 17:35:28 -0800

ActionController::RoutingError (No route matches [GET] "/..."):
  actionpack (4.2.4) lib/action_dispatch/middleware/debug_exceptions.rb:21:in `call'
  web-console (2.2.1) lib/web_console/middleware.rb:39:in `call'
  actionpack (4.2.4) lib/action_dispatch/middleware/show_exceptions.rb:30:in `call'
  railties (4.2.4) lib/rails/rack/logger.rb:38:in `call_app'
  railties (4.2.4) lib/rails/rack/logger.rb:20:in `block in call'
  activesupport (4.2.4) lib/active_support/tagged_logging.rb:68:in `block in tagged'
  activesupport (4.2.4) lib/active_support/tagged_logging.rb:26:in `tagged'
  activesupport (4.2.4) lib/active_support/tagged_logging.rb:68:in `tagged'
  railties (4.2.4) lib/rails/rack/logger.rb:20:in `call'
  actionpack (4.2.4) lib/action_dispatch/middleware/request_id.rb:21:in `call'
  rack (1.6.4) lib/rack/methodoverride.rb:22:in `call'
  rack (1.6.4) lib/rack/runtime.rb:18:in `call'
  activesupport (4.2.4) lib/active_support/cache/strategy/local_cache_middleware.rb:28:in `call'
  rack (1.6.4) lib/rack/lock.rb:17:in `call'
  actionpack (4.2.4) lib/action_dispatch/middleware/static.rb:116:in `call'
  rack (1.6.4) lib/rack/sendfile.rb:113:in `call'
  railties (4.2.4) lib/rails/engine.rb:518:in `call'
  railties (4.2.4) lib/rails/application.rb:165:in `call'
  rack (1.6.4) lib/rack/lock.rb:17:in `call'
  rack (1.6.4) lib/rack/content_length.rb:15:in `call'
  rack (1.6.4) lib/rack/handler/webrick.rb:88:in `service'
  /Users/brittanybrassell/.rbenv/versions/2.2.2/lib/ruby/2.2.0/webrick/httpserver.rb:138:in `service'
  /Users/brittanybrassell/.rbenv/versions/2.2.2/lib/ruby/2.2.0/webrick/httpserver.rb:94:in `run'
  /Users/brittanybrassell/.rbenv/versions/2.2.2/lib/ruby/2.2.0/webrick/server.rb:294:in `block in start_thread'


  Rendered /Users/brittanybrassell/.rbenv/versions/2.2.2/lib/ruby/gems/2.2.0/gems/actionpack-4.2.4/lib/action_dispatch/middleware/templates/rescues/_trace.html.erb (2.1ms)
  Rendered /Users/brittanybrassell/.rbenv/versions/2.2.2/lib/ruby/gems/2.2.0/gems/actionpack-4.2.4/lib/action_dispatch/middleware/templates/routes/_route.html.erb (2.3ms)
  Rendered /Users/brittanybrassell/.rbenv/versions/2.2.2/lib/ruby/gems/2.2.0/gems/actionpack-4.2.4/lib/action_dispatch/middleware/templates/routes/_table.html.erb (4.0ms)
  Rendered /Users/brittanybrassell/.rbenv/versions/2.2.2/lib/ruby/gems/2.2.0/gems/actionpack-4.2.4/lib/action_dispatch/middleware/templates/rescues/_request_and_response.html.erb (1.5ms)
  Rendered /Users/brittanybrassell/.rbenv/versions/2.2.2/lib/ruby/gems/2.2.0/gems/actionpack-4.2.4/lib/action_dispatch/middleware/templates/rescues/routing_error.html.erb within rescues/layout (103.1ms)
  Rendered /Users/brittanybrassell/.rbenv/versions/2.2.2/lib/ruby/gems/2.2.0/gems/web-console-2.2.1/lib/web_console/templates/_markup.html.erb (0.4ms)
  Rendered /Users/brittanybrassell/.rbenv/versions/2.2.2/lib/ruby/gems/2.2.0/gems/web-console-2.2.1/lib/web_console/templates/_inner_console_markup.html.erb within layouts/inlined_string (0.6ms)
  Rendered /Users/brittanybrassell/.rbenv/versions/2.2.2/lib/ruby/gems/2.2.0/gems/web-console-2.2.1/lib/web_console/templates/_prompt_box_markup.html.erb within layouts/inlined_string (0.5ms)
  Rendered /Users/brittanybrassell/.rbenv/versions/2.2.2/lib/ruby/gems/2.2.0/gems/web-console-2.2.1/lib/web_console/templates/style.css.erb within layouts/inlined_string (0.4ms)
  Rendered /Users/brittanybrassell/.rbenv/versions/2.2.2/lib/ruby/gems/2.2.0/gems/web-console-2.2.1/lib/web_console/templates/console.js.erb within layouts/javascript (73.9ms)
  Rendered /Users/brittanybrassell/.rbenv/versions/2.2.2/lib/ruby/gems/2.2.0/gems/web-console-2.2.1/lib/web_console/templates/main.js.erb within layouts/javascript (0.3ms)
  Rendered /Users/brittanybrassell/.rbenv/versions/2.2.2/lib/ruby/gems/2.2.0/gems/web-console-2.2.1/lib/web_console/templates/error_page.js.erb within layouts/javascript (0.4ms)
  Rendered /Users/brittanybrassell/.rbenv/versions/2.2.2/lib/ruby/gems/2.2.0/gems/web-console-2.2.1/lib/web_console/templates/index.html.erb (179.0ms)
